open_pdks installation: using /home/designer/.volare
SKYWATER_MODELS: /home/designer/.volare/sky130A/libs.tech/ngspice
SKYWATER_STDCELLS: /home/designer/.volare/sky130A/libs.ref/sky130_fd_sc_hd/spice

Paths registered on xschem:
- /home/designer/.volare/sky130A/libs.tech/xschem
- /home/designer/.volare/sky130A/libs.tech/xschem
- /home/designer/.xschem/xschem_library
- /usr/share/xschem/xschem_library
- /workspaces/EAMTA2024/EAMTA/xschem/counter4b
- /workspaces/EAMTA2024/EAMTA/xschem/inv_gate
- /workspaces/EAMTA2024/EAMTA/xschem/nmos

xschemrc:     /workspaces/EAMTA2024/EAMTA/xschem/xschemrc
working path: /workspaces/EAMTA2024/EAMTA/xschem

-- THIS DEPENDS ON THE STRUCTURE OF THE PROJECT --
The spice is generated on $module/output/extraction/test/
When doing pex simulations, use relative references from there
setup_tcp_bespice: success : listening to TCP port: 2022
% l_s_d(): Symbol not found: inv_gate.sym
l_s_d(): Symbol not found: inv_gate.sym
Simulation started: execution ID: 0
l_s_d(): Symbol not found: inv_gate.sym
Simulation started: execution ID: 1
l_s_d(): Symbol not found: inv_gate.sym
Simulation started: execution ID: 2
l_s_d(): Symbol not found: inv_gate.sym
Simulation started: execution ID: 3
l_s_d(): Symbol not found: inv_gate.sym
Simulation started: execution ID: 4
